mode: set
github.com/blnkfinance/blnk/database/account.go:37.81,40.16 2 1
github.com/blnkfinance/blnk/database/account.go:40.16,42.3 1 0
github.com/blnkfinance/blnk/database/account.go:45.2,55.21 4 1
github.com/blnkfinance/blnk/database/account.go:66.89,72.16 4 1
github.com/blnkfinance/blnk/database/account.go:72.16,74.3 1 0
github.com/blnkfinance/blnk/database/account.go:77.2,85.16 5 1
github.com/blnkfinance/blnk/database/account.go:85.16,86.27 1 0
github.com/blnkfinance/blnk/database/account.go:86.27,89.4 1 0
github.com/blnkfinance/blnk/database/account.go:90.3,90.18 1 0
github.com/blnkfinance/blnk/database/account.go:94.2,95.16 2 1
github.com/blnkfinance/blnk/database/account.go:95.16,97.3 1 0
github.com/blnkfinance/blnk/database/account.go:100.2,100.21 1 1
github.com/blnkfinance/blnk/database/account.go:110.83,119.34 3 1
github.com/blnkfinance/blnk/database/account.go:119.34,124.3 1 0
github.com/blnkfinance/blnk/database/account.go:127.2,127.35 1 1
github.com/blnkfinance/blnk/database/account.go:127.35,133.3 1 0
github.com/blnkfinance/blnk/database/account.go:136.2,136.33 1 1
github.com/blnkfinance/blnk/database/account.go:136.33,139.3 1 0
github.com/blnkfinance/blnk/database/account.go:142.2,151.35 4 1
github.com/blnkfinance/blnk/database/account.go:151.35,155.3 1 0
github.com/blnkfinance/blnk/database/account.go:158.2,158.33 1 1
github.com/blnkfinance/blnk/database/account.go:158.33,162.3 1 0
github.com/blnkfinance/blnk/database/account.go:165.2,165.34 1 1
github.com/blnkfinance/blnk/database/account.go:165.34,169.3 1 0
github.com/blnkfinance/blnk/database/account.go:171.2,171.30 1 1
github.com/blnkfinance/blnk/database/account.go:182.89,197.34 8 1
github.com/blnkfinance/blnk/database/account.go:197.34,201.3 1 0
github.com/blnkfinance/blnk/database/account.go:204.2,204.35 1 1
github.com/blnkfinance/blnk/database/account.go:204.35,209.3 1 0
github.com/blnkfinance/blnk/database/account.go:212.2,212.33 1 1
github.com/blnkfinance/blnk/database/account.go:212.33,214.3 1 0
github.com/blnkfinance/blnk/database/account.go:217.2,218.16 2 1
github.com/blnkfinance/blnk/database/account.go:218.16,222.3 3 0
github.com/blnkfinance/blnk/database/account.go:225.2,226.16 2 1
github.com/blnkfinance/blnk/database/account.go:226.16,229.3 2 0
github.com/blnkfinance/blnk/database/account.go:232.2,232.35 1 1
github.com/blnkfinance/blnk/database/account.go:232.35,234.3 1 0
github.com/blnkfinance/blnk/database/account.go:235.2,235.34 1 1
github.com/blnkfinance/blnk/database/account.go:235.34,237.3 1 0
github.com/blnkfinance/blnk/database/account.go:238.2,238.33 1 1
github.com/blnkfinance/blnk/database/account.go:238.33,240.3 1 0
github.com/blnkfinance/blnk/database/account.go:242.2,242.21 1 1
github.com/blnkfinance/blnk/database/account.go:249.63,256.16 2 1
github.com/blnkfinance/blnk/database/account.go:256.16,258.3 1 0
github.com/blnkfinance/blnk/database/account.go:259.2,265.18 3 1
github.com/blnkfinance/blnk/database/account.go:265.18,271.17 4 1
github.com/blnkfinance/blnk/database/account.go:271.17,273.4 1 0
github.com/blnkfinance/blnk/database/account.go:276.3,277.17 2 1
github.com/blnkfinance/blnk/database/account.go:277.17,279.4 1 0
github.com/blnkfinance/blnk/database/account.go:282.3,282.39 1 1
github.com/blnkfinance/blnk/database/account.go:286.2,286.22 1 1
github.com/blnkfinance/blnk/database/account.go:295.79,307.16 5 1
github.com/blnkfinance/blnk/database/account.go:307.16,308.27 1 0
github.com/blnkfinance/blnk/database/account.go:308.27,310.4 1 0
github.com/blnkfinance/blnk/database/account.go:311.3,311.18 1 0
github.com/blnkfinance/blnk/database/account.go:315.2,316.16 2 1
github.com/blnkfinance/blnk/database/account.go:316.16,318.3 1 0
github.com/blnkfinance/blnk/database/account.go:321.2,321.21 1 1
github.com/blnkfinance/blnk/database/account.go:330.65,333.16 2 1
github.com/blnkfinance/blnk/database/account.go:333.16,335.3 1 0
github.com/blnkfinance/blnk/database/account.go:338.2,345.12 2 1
github.com/blnkfinance/blnk/database/account.go:354.52,362.2 2 1
github.com/blnkfinance/blnk/database/api_key.go:23.36,26.2 2 1
github.com/blnkfinance/blnk/database/api_key.go:30.49,32.2 1 1
github.com/blnkfinance/blnk/database/api_key.go:48.139,51.16 2 1
github.com/blnkfinance/blnk/database/api_key.go:51.16,53.3 1 0
github.com/blnkfinance/blnk/database/api_key.go:56.2,78.16 6 1
github.com/blnkfinance/blnk/database/api_key.go:78.16,80.3 1 1
github.com/blnkfinance/blnk/database/api_key.go:84.2,85.20 2 1
github.com/blnkfinance/blnk/database/api_key.go:100.88,107.20 4 1
github.com/blnkfinance/blnk/database/api_key.go:107.20,109.37 2 0
github.com/blnkfinance/blnk/database/api_key.go:109.37,111.4 1 0
github.com/blnkfinance/blnk/database/api_key.go:115.2,136.26 5 1
github.com/blnkfinance/blnk/database/api_key.go:136.26,138.3 1 1
github.com/blnkfinance/blnk/database/api_key.go:139.2,139.16 1 1
github.com/blnkfinance/blnk/database/api_key.go:139.16,141.3 1 1
github.com/blnkfinance/blnk/database/api_key.go:143.2,143.20 1 1
github.com/blnkfinance/blnk/database/api_key.go:143.20,145.17 2 0
github.com/blnkfinance/blnk/database/api_key.go:145.17,147.4 1 0
github.com/blnkfinance/blnk/database/api_key.go:150.2,150.21 1 1
github.com/blnkfinance/blnk/database/api_key.go:166.82,176.26 4 1
github.com/blnkfinance/blnk/database/api_key.go:176.26,178.3 1 1
github.com/blnkfinance/blnk/database/api_key.go:179.2,179.16 1 1
github.com/blnkfinance/blnk/database/api_key.go:179.16,181.3 1 0
github.com/blnkfinance/blnk/database/api_key.go:184.2,191.16 3 1
github.com/blnkfinance/blnk/database/api_key.go:191.16,193.3 1 1
github.com/blnkfinance/blnk/database/api_key.go:195.2,196.16 2 1
github.com/blnkfinance/blnk/database/api_key.go:196.16,198.3 1 0
github.com/blnkfinance/blnk/database/api_key.go:200.2,200.15 1 1
github.com/blnkfinance/blnk/database/api_key.go:200.15,202.3 1 0
github.com/blnkfinance/blnk/database/api_key.go:205.2,206.20 2 1
github.com/blnkfinance/blnk/database/api_key.go:206.20,208.17 2 0
github.com/blnkfinance/blnk/database/api_key.go:208.17,211.4 1 0
github.com/blnkfinance/blnk/database/api_key.go:214.2,214.12 1 1
github.com/blnkfinance/blnk/database/api_key.go:229.75,238.2 3 1
github.com/blnkfinance/blnk/database/api_key.go:252.96,261.16 3 1
github.com/blnkfinance/blnk/database/api_key.go:261.16,263.3 1 1
github.com/blnkfinance/blnk/database/api_key.go:264.2,267.18 3 1
github.com/blnkfinance/blnk/database/api_key.go:267.18,283.17 5 1
github.com/blnkfinance/blnk/database/api_key.go:283.17,285.4 1 1
github.com/blnkfinance/blnk/database/api_key.go:286.3,286.36 1 1
github.com/blnkfinance/blnk/database/api_key.go:289.2,289.21 1 1
github.com/blnkfinance/blnk/database/balance.go:36.48,37.26 1 1
github.com/blnkfinance/blnk/database/balance.go:37.26,38.15 1 0
github.com/blnkfinance/blnk/database/balance.go:38.15,40.4 1 0
github.com/blnkfinance/blnk/database/balance.go:42.2,42.14 1 1
github.com/blnkfinance/blnk/database/balance.go:47.76,57.35 3 1
github.com/blnkfinance/blnk/database/balance.go:57.35,63.3 1 0
github.com/blnkfinance/blnk/database/balance.go:66.2,66.33 1 1
github.com/blnkfinance/blnk/database/balance.go:66.33,69.3 1 0
github.com/blnkfinance/blnk/database/balance.go:72.2,81.35 4 1
github.com/blnkfinance/blnk/database/balance.go:81.35,85.3 1 0
github.com/blnkfinance/blnk/database/balance.go:86.2,86.33 1 1
github.com/blnkfinance/blnk/database/balance.go:86.33,90.3 1 0
github.com/blnkfinance/blnk/database/balance.go:92.2,92.30 1 1
github.com/blnkfinance/blnk/database/balance.go:97.82,115.35 9 1
github.com/blnkfinance/blnk/database/balance.go:115.35,120.3 1 0
github.com/blnkfinance/blnk/database/balance.go:123.2,123.33 1 1
github.com/blnkfinance/blnk/database/balance.go:123.33,125.3 1 0
github.com/blnkfinance/blnk/database/balance.go:127.2,128.16 2 1
github.com/blnkfinance/blnk/database/balance.go:128.16,129.55 1 0
github.com/blnkfinance/blnk/database/balance.go:129.55,131.4 1 0
github.com/blnkfinance/blnk/database/balance.go:132.3,132.18 1 0
github.com/blnkfinance/blnk/database/balance.go:136.2,144.21 7 1
github.com/blnkfinance/blnk/database/balance.go:144.21,146.3 1 1
github.com/blnkfinance/blnk/database/balance.go:146.8,148.3 1 0
github.com/blnkfinance/blnk/database/balance.go:151.2,152.16 2 1
github.com/blnkfinance/blnk/database/balance.go:152.16,153.55 1 0
github.com/blnkfinance/blnk/database/balance.go:153.55,155.4 1 0
github.com/blnkfinance/blnk/database/balance.go:156.3,156.18 1 0
github.com/blnkfinance/blnk/database/balance.go:160.2,160.35 1 1
github.com/blnkfinance/blnk/database/balance.go:160.35,162.3 1 0
github.com/blnkfinance/blnk/database/balance.go:163.2,163.33 1 1
github.com/blnkfinance/blnk/database/balance.go:163.33,165.3 1 0
github.com/blnkfinance/blnk/database/balance.go:167.2,167.21 1 1
github.com/blnkfinance/blnk/database/balance.go:179.81,182.16 2 1
github.com/blnkfinance/blnk/database/balance.go:182.16,184.3 1 0
github.com/blnkfinance/blnk/database/balance.go:187.2,192.30 4 1
github.com/blnkfinance/blnk/database/balance.go:192.30,194.3 1 1
github.com/blnkfinance/blnk/database/balance.go:196.2,197.29 2 1
github.com/blnkfinance/blnk/database/balance.go:197.29,199.3 1 1
github.com/blnkfinance/blnk/database/balance.go:202.2,202.28 1 1
github.com/blnkfinance/blnk/database/balance.go:202.28,204.3 1 0
github.com/blnkfinance/blnk/database/balance.go:205.2,205.34 1 1
github.com/blnkfinance/blnk/database/balance.go:205.34,207.3 1 0
github.com/blnkfinance/blnk/database/balance.go:208.2,208.33 1 1
github.com/blnkfinance/blnk/database/balance.go:208.33,210.3 1 0
github.com/blnkfinance/blnk/database/balance.go:211.2,211.36 1 1
github.com/blnkfinance/blnk/database/balance.go:211.36,213.3 1 1
github.com/blnkfinance/blnk/database/balance.go:214.2,214.42 1 1
github.com/blnkfinance/blnk/database/balance.go:214.42,216.3 1 1
github.com/blnkfinance/blnk/database/balance.go:217.2,217.41 1 1
github.com/blnkfinance/blnk/database/balance.go:217.41,219.3 1 1
github.com/blnkfinance/blnk/database/balance.go:222.2,226.16 2 1
github.com/blnkfinance/blnk/database/balance.go:226.16,229.9 2 1
github.com/blnkfinance/blnk/database/balance.go:229.9,230.29 1 1
github.com/blnkfinance/blnk/database/balance.go:231.28,232.69 1 1
github.com/blnkfinance/blnk/database/balance.go:232.69,234.6 1 0
github.com/blnkfinance/blnk/database/balance.go:235.5,235.138 1 1
github.com/blnkfinance/blnk/database/balance.go:236.33,237.99 1 0
github.com/blnkfinance/blnk/database/balance.go:238.12,239.109 1 0
github.com/blnkfinance/blnk/database/balance.go:243.3,243.108 1 0
github.com/blnkfinance/blnk/database/balance.go:247.2,247.21 1 1
github.com/blnkfinance/blnk/database/balance.go:261.106,268.16 4 1
github.com/blnkfinance/blnk/database/balance.go:268.16,270.3 1 1
github.com/blnkfinance/blnk/database/balance.go:271.2,271.15 1 1
github.com/blnkfinance/blnk/database/balance.go:271.15,272.17 1 1
github.com/blnkfinance/blnk/database/balance.go:272.17,273.56 1 0
github.com/blnkfinance/blnk/database/balance.go:273.56,275.5 1 0
github.com/blnkfinance/blnk/database/balance.go:280.2,286.16 5 1
github.com/blnkfinance/blnk/database/balance.go:286.16,287.27 1 0
github.com/blnkfinance/blnk/database/balance.go:287.27,290.4 1 0
github.com/blnkfinance/blnk/database/balance.go:290.9,293.4 1 0
github.com/blnkfinance/blnk/database/balance.go:297.2,297.16 1 1
github.com/blnkfinance/blnk/database/balance.go:297.16,299.17 2 1
github.com/blnkfinance/blnk/database/balance.go:299.17,301.4 1 0
github.com/blnkfinance/blnk/database/balance.go:302.3,303.45 2 1
github.com/blnkfinance/blnk/database/balance.go:307.2,308.16 2 1
github.com/blnkfinance/blnk/database/balance.go:308.16,310.3 1 0
github.com/blnkfinance/blnk/database/balance.go:312.2,312.21 1 1
github.com/blnkfinance/blnk/database/balance.go:324.75,356.21 7 0
github.com/blnkfinance/blnk/database/balance.go:356.21,358.3 1 0
github.com/blnkfinance/blnk/database/balance.go:358.8,360.3 1 0
github.com/blnkfinance/blnk/database/balance.go:362.2,362.16 1 0
github.com/blnkfinance/blnk/database/balance.go:362.16,364.27 2 0
github.com/blnkfinance/blnk/database/balance.go:364.27,366.4 1 0
github.com/blnkfinance/blnk/database/balance.go:366.9,368.4 1 0
github.com/blnkfinance/blnk/database/balance.go:372.2,387.22 13 0
github.com/blnkfinance/blnk/database/balance.go:401.95,430.16 6 0
github.com/blnkfinance/blnk/database/balance.go:430.16,431.27 1 0
github.com/blnkfinance/blnk/database/balance.go:431.27,434.4 1 0
github.com/blnkfinance/blnk/database/balance.go:436.3,436.18 1 0
github.com/blnkfinance/blnk/database/balance.go:440.2,456.22 13 0
github.com/blnkfinance/blnk/database/balance.go:470.80,479.16 3 0
github.com/blnkfinance/blnk/database/balance.go:479.16,481.3 1 0
github.com/blnkfinance/blnk/database/balance.go:482.2,482.29 1 0
github.com/blnkfinance/blnk/database/balance.go:482.29,484.17 2 0
github.com/blnkfinance/blnk/database/balance.go:484.17,486.4 1 0
github.com/blnkfinance/blnk/database/balance.go:490.2,494.18 3 0
github.com/blnkfinance/blnk/database/balance.go:494.18,511.17 4 0
github.com/blnkfinance/blnk/database/balance.go:511.17,513.4 1 0
github.com/blnkfinance/blnk/database/balance.go:515.3,517.22 2 0
github.com/blnkfinance/blnk/database/balance.go:517.22,519.4 1 0
github.com/blnkfinance/blnk/database/balance.go:519.9,521.4 1 0
github.com/blnkfinance/blnk/database/balance.go:524.3,534.17 8 0
github.com/blnkfinance/blnk/database/balance.go:534.17,536.4 1 0
github.com/blnkfinance/blnk/database/balance.go:539.3,539.39 1 0
github.com/blnkfinance/blnk/database/balance.go:543.2,543.22 1 0
github.com/blnkfinance/blnk/database/balance.go:558.100,563.16 2 0
github.com/blnkfinance/blnk/database/balance.go:563.16,566.3 1 0
github.com/blnkfinance/blnk/database/balance.go:567.2,567.29 1 0
github.com/blnkfinance/blnk/database/balance.go:567.29,570.17 2 0
github.com/blnkfinance/blnk/database/balance.go:570.17,572.4 1 0
github.com/blnkfinance/blnk/database/balance.go:576.2,579.18 2 0
github.com/blnkfinance/blnk/database/balance.go:579.18,595.17 4 0
github.com/blnkfinance/blnk/database/balance.go:595.17,598.4 1 0
github.com/blnkfinance/blnk/database/balance.go:601.3,602.17 2 0
github.com/blnkfinance/blnk/database/balance.go:602.17,605.4 1 0
github.com/blnkfinance/blnk/database/balance.go:608.3,608.40 1 0
github.com/blnkfinance/blnk/database/balance.go:612.2,612.22 1 0
github.com/blnkfinance/blnk/database/balance.go:626.113,629.16 2 1
github.com/blnkfinance/blnk/database/balance.go:629.16,632.3 1 1
github.com/blnkfinance/blnk/database/balance.go:635.2,635.25 1 1
github.com/blnkfinance/blnk/database/balance.go:635.25,637.3 1 1
github.com/blnkfinance/blnk/database/balance.go:640.2,640.62 1 1
github.com/blnkfinance/blnk/database/balance.go:640.62,643.3 1 1
github.com/blnkfinance/blnk/database/balance.go:646.2,646.67 1 1
github.com/blnkfinance/blnk/database/balance.go:646.67,649.3 1 0
github.com/blnkfinance/blnk/database/balance.go:652.2,652.36 1 1
github.com/blnkfinance/blnk/database/balance.go:652.36,655.3 1 0
github.com/blnkfinance/blnk/database/balance.go:658.2,658.12 1 1
github.com/blnkfinance/blnk/database/balance.go:672.83,682.16 3 1
github.com/blnkfinance/blnk/database/balance.go:682.16,685.3 1 1
github.com/blnkfinance/blnk/database/balance.go:688.2,689.16 2 1
github.com/blnkfinance/blnk/database/balance.go:689.16,692.3 1 0
github.com/blnkfinance/blnk/database/balance.go:695.2,695.23 1 1
github.com/blnkfinance/blnk/database/balance.go:695.23,697.3 1 0
github.com/blnkfinance/blnk/database/balance.go:700.2,703.12 2 1
github.com/blnkfinance/blnk/database/balance.go:715.65,718.16 2 0
github.com/blnkfinance/blnk/database/balance.go:718.16,720.3 1 0
github.com/blnkfinance/blnk/database/balance.go:723.2,729.16 2 0
github.com/blnkfinance/blnk/database/balance.go:729.16,731.3 1 0
github.com/blnkfinance/blnk/database/balance.go:734.2,735.16 2 0
github.com/blnkfinance/blnk/database/balance.go:735.16,737.3 1 0
github.com/blnkfinance/blnk/database/balance.go:740.2,740.23 1 0
github.com/blnkfinance/blnk/database/balance.go:740.23,742.3 1 0
github.com/blnkfinance/blnk/database/balance.go:745.2,745.12 1 0
github.com/blnkfinance/blnk/database/balance.go:759.95,765.43 3 0
github.com/blnkfinance/blnk/database/balance.go:765.43,767.3 1 0
github.com/blnkfinance/blnk/database/balance.go:770.2,775.16 2 0
github.com/blnkfinance/blnk/database/balance.go:775.16,777.9 2 0
github.com/blnkfinance/blnk/database/balance.go:777.9,779.29 1 0
github.com/blnkfinance/blnk/database/balance.go:780.28,781.122 1 0
github.com/blnkfinance/blnk/database/balance.go:783.33,784.107 1 0
github.com/blnkfinance/blnk/database/balance.go:786.12,787.116 1 0
github.com/blnkfinance/blnk/database/balance.go:791.3,791.115 1 0
github.com/blnkfinance/blnk/database/balance.go:795.2,795.21 1 0
github.com/blnkfinance/blnk/database/balance.go:807.78,823.16 6 0
github.com/blnkfinance/blnk/database/balance.go:823.16,825.27 1 0
github.com/blnkfinance/blnk/database/balance.go:825.27,827.4 1 0
github.com/blnkfinance/blnk/database/balance.go:829.3,829.98 1 0
github.com/blnkfinance/blnk/database/balance.go:833.2,837.21 3 0
github.com/blnkfinance/blnk/database/balance.go:846.70,852.16 2 0
github.com/blnkfinance/blnk/database/balance.go:852.16,855.3 1 0
github.com/blnkfinance/blnk/database/balance.go:856.2,862.18 3 0
github.com/blnkfinance/blnk/database/balance.go:862.18,868.17 4 0
github.com/blnkfinance/blnk/database/balance.go:868.17,871.4 1 0
github.com/blnkfinance/blnk/database/balance.go:874.3,877.39 2 0
github.com/blnkfinance/blnk/database/balance.go:881.2,881.34 1 0
github.com/blnkfinance/blnk/database/balance.go:881.34,884.3 1 0
github.com/blnkfinance/blnk/database/balance.go:887.2,887.22 1 0
github.com/blnkfinance/blnk/database/balance.go:899.90,905.16 2 0
github.com/blnkfinance/blnk/database/balance.go:905.16,908.3 1 0
github.com/blnkfinance/blnk/database/balance.go:909.2,915.18 3 0
github.com/blnkfinance/blnk/database/balance.go:915.18,922.17 5 0
github.com/blnkfinance/blnk/database/balance.go:922.17,925.4 1 0
github.com/blnkfinance/blnk/database/balance.go:928.3,932.39 3 0
github.com/blnkfinance/blnk/database/balance.go:936.2,936.34 1 0
github.com/blnkfinance/blnk/database/balance.go:936.34,939.3 1 0
github.com/blnkfinance/blnk/database/balance.go:942.2,942.22 1 0
github.com/blnkfinance/blnk/database/balance.go:954.72,962.16 2 0
github.com/blnkfinance/blnk/database/balance.go:962.16,964.3 1 0
github.com/blnkfinance/blnk/database/balance.go:967.2,968.16 2 0
github.com/blnkfinance/blnk/database/balance.go:968.16,971.3 1 0
github.com/blnkfinance/blnk/database/balance.go:974.2,974.23 1 0
github.com/blnkfinance/blnk/database/balance.go:974.23,976.3 1 0
github.com/blnkfinance/blnk/database/balance.go:979.2,979.12 1 0
github.com/blnkfinance/blnk/database/balance.go:990.52,996.16 2 0
github.com/blnkfinance/blnk/database/balance.go:996.16,998.3 1 0
github.com/blnkfinance/blnk/database/balance.go:1001.2,1002.16 2 0
github.com/blnkfinance/blnk/database/balance.go:1002.16,1005.3 1 0
github.com/blnkfinance/blnk/database/balance.go:1008.2,1008.23 1 0
github.com/blnkfinance/blnk/database/balance.go:1008.23,1010.3 1 0
github.com/blnkfinance/blnk/database/balance.go:1013.2,1013.12 1 0
github.com/blnkfinance/blnk/database/balance.go:1027.91,1034.16 3 0
github.com/blnkfinance/blnk/database/balance.go:1034.16,1040.3 1 0
github.com/blnkfinance/blnk/database/balance.go:1042.2,1042.28 1 0
github.com/blnkfinance/blnk/database/balance.go:1046.78,1047.21 1 0
github.com/blnkfinance/blnk/database/balance.go:1047.21,1049.3 1 0
github.com/blnkfinance/blnk/database/balance.go:1051.2,1051.25 1 0
github.com/blnkfinance/blnk/database/balance.go:1051.25,1053.3 1 0
github.com/blnkfinance/blnk/database/balance.go:1055.2,1055.12 1 0
github.com/blnkfinance/blnk/database/balance.go:1059.137,1063.16 2 0
github.com/blnkfinance/blnk/database/balance.go:1063.16,1064.27 1 0
github.com/blnkfinance/blnk/database/balance.go:1064.27,1070.4 1 0
github.com/blnkfinance/blnk/database/balance.go:1071.3,1071.117 1 0
github.com/blnkfinance/blnk/database/balance.go:1074.2,1074.33 1 0
github.com/blnkfinance/blnk/database/balance.go:1078.190,1096.16 4 0
github.com/blnkfinance/blnk/database/balance.go:1096.16,1103.3 4 0
github.com/blnkfinance/blnk/database/balance.go:1103.8,1103.33 1 0
github.com/blnkfinance/blnk/database/balance.go:1103.33,1107.3 2 0
github.com/blnkfinance/blnk/database/balance.go:1110.2,1110.119 1 0
github.com/blnkfinance/blnk/database/balance.go:1115.127,1127.16 3 0
github.com/blnkfinance/blnk/database/balance.go:1127.16,1129.3 1 0
github.com/blnkfinance/blnk/database/balance.go:1131.2,1131.18 1 0
github.com/blnkfinance/blnk/database/balance.go:1142.31,1144.9 2 0
github.com/blnkfinance/blnk/database/balance.go:1144.9,1146.3 1 0
github.com/blnkfinance/blnk/database/balance.go:1149.2,1149.29 1 0
github.com/blnkfinance/blnk/database/balance.go:1149.29,1151.3 1 0
github.com/blnkfinance/blnk/database/balance.go:1152.2,1152.34 1 0
github.com/blnkfinance/blnk/database/balance.go:1152.34,1154.3 1 0
github.com/blnkfinance/blnk/database/balance.go:1156.2,1156.41 1 0
github.com/blnkfinance/blnk/database/balance.go:1160.236,1166.16 4 0
github.com/blnkfinance/blnk/database/balance.go:1166.16,1168.3 1 0
github.com/blnkfinance/blnk/database/balance.go:1169.2,1175.18 3 0
github.com/blnkfinance/blnk/database/balance.go:1175.18,1184.122 2 0
github.com/blnkfinance/blnk/database/balance.go:1184.122,1186.4 1 0
github.com/blnkfinance/blnk/database/balance.go:1189.3,1190.17 2 0
github.com/blnkfinance/blnk/database/balance.go:1190.17,1192.4 1 0
github.com/blnkfinance/blnk/database/balance.go:1194.3,1194.21 1 0
github.com/blnkfinance/blnk/database/balance.go:1197.2,1199.34 2 0
github.com/blnkfinance/blnk/database/balance.go:1199.34,1201.3 1 0
github.com/blnkfinance/blnk/database/balance.go:1203.2,1203.41 1 0
github.com/blnkfinance/blnk/database/balance.go:1220.140,1226.73 3 0
github.com/blnkfinance/blnk/database/balance.go:1226.73,1228.3 1 0
github.com/blnkfinance/blnk/database/balance.go:1231.2,1235.16 2 0
github.com/blnkfinance/blnk/database/balance.go:1235.16,1237.3 1 0
github.com/blnkfinance/blnk/database/balance.go:1238.2,1238.15 1 0
github.com/blnkfinance/blnk/database/balance.go:1238.15,1239.17 1 0
github.com/blnkfinance/blnk/database/balance.go:1239.17,1240.56 1 0
github.com/blnkfinance/blnk/database/balance.go:1240.56,1242.5 1 0
github.com/blnkfinance/blnk/database/balance.go:1247.2,1248.16 2 0
github.com/blnkfinance/blnk/database/balance.go:1248.16,1250.3 1 0
github.com/blnkfinance/blnk/database/balance.go:1252.2,1255.16 3 0
github.com/blnkfinance/blnk/database/balance.go:1255.16,1261.3 4 0
github.com/blnkfinance/blnk/database/balance.go:1261.8,1264.17 2 0
github.com/blnkfinance/blnk/database/balance.go:1264.17,1266.4 1 0
github.com/blnkfinance/blnk/database/balance.go:1270.2,1272.16 2 0
github.com/blnkfinance/blnk/database/balance.go:1272.16,1274.3 1 0
github.com/blnkfinance/blnk/database/balance.go:1277.2,1283.36 3 0
github.com/blnkfinance/blnk/database/balance.go:1283.36,1285.3 1 0
github.com/blnkfinance/blnk/database/balance.go:1288.2,1297.20 2 0
github.com/blnkfinance/blnk/database/balance.go:1308.86,1316.16 2 0
github.com/blnkfinance/blnk/database/balance.go:1316.16,1319.3 1 0
github.com/blnkfinance/blnk/database/balance.go:1322.2,1323.16 2 0
github.com/blnkfinance/blnk/database/balance.go:1323.16,1325.3 1 0
github.com/blnkfinance/blnk/database/balance.go:1327.2,1327.23 1 0
github.com/blnkfinance/blnk/database/balance.go:1327.23,1330.3 1 0
github.com/blnkfinance/blnk/database/balance.go:1332.2,1332.12 1 0
github.com/blnkfinance/blnk/database/db.go:41.78,43.16 2 1
github.com/blnkfinance/blnk/database/db.go:43.16,45.3 1 0
github.com/blnkfinance/blnk/database/db.go:48.2,48.68 1 1
github.com/blnkfinance/blnk/database/db.go:48.68,50.3 1 0
github.com/blnkfinance/blnk/database/db.go:51.2,51.17 1 0
github.com/blnkfinance/blnk/database/db.go:55.80,57.17 2 1
github.com/blnkfinance/blnk/database/db.go:57.17,59.21 2 1
github.com/blnkfinance/blnk/database/db.go:59.21,62.4 2 1
github.com/blnkfinance/blnk/database/db.go:64.3,65.22 2 1
github.com/blnkfinance/blnk/database/db.go:65.22,68.4 1 0
github.com/blnkfinance/blnk/database/db.go:70.3,70.58 1 1
github.com/blnkfinance/blnk/database/db.go:72.2,72.16 1 1
github.com/blnkfinance/blnk/database/db.go:72.16,74.3 1 1
github.com/blnkfinance/blnk/database/db.go:75.2,75.22 1 1
github.com/blnkfinance/blnk/database/db.go:79.67,81.2 1 1
github.com/blnkfinance/blnk/database/identity.go:37.85,40.16 2 1
github.com/blnkfinance/blnk/database/identity.go:40.16,42.3 1 0
github.com/blnkfinance/blnk/database/identity.go:45.2,54.16 4 1
github.com/blnkfinance/blnk/database/identity.go:54.16,56.3 1 1
github.com/blnkfinance/blnk/database/identity.go:59.2,59.22 1 1
github.com/blnkfinance/blnk/database/identity.go:68.73,75.16 4 1
github.com/blnkfinance/blnk/database/identity.go:75.16,77.3 1 0
github.com/blnkfinance/blnk/database/identity.go:80.2,97.16 5 1
github.com/blnkfinance/blnk/database/identity.go:97.16,99.27 2 1
github.com/blnkfinance/blnk/database/identity.go:99.27,101.4 1 1
github.com/blnkfinance/blnk/database/identity.go:102.3,102.99 1 0
github.com/blnkfinance/blnk/database/identity.go:106.2,107.16 2 1
github.com/blnkfinance/blnk/database/identity.go:107.16,110.3 2 0
github.com/blnkfinance/blnk/database/identity.go:113.2,114.16 2 1
github.com/blnkfinance/blnk/database/identity.go:114.16,116.3 1 0
github.com/blnkfinance/blnk/database/identity.go:119.2,119.22 1 1
github.com/blnkfinance/blnk/database/identity.go:126.66,133.16 2 1
github.com/blnkfinance/blnk/database/identity.go:133.16,135.3 1 0
github.com/blnkfinance/blnk/database/identity.go:136.2,141.18 3 1
github.com/blnkfinance/blnk/database/identity.go:141.18,152.17 4 1
github.com/blnkfinance/blnk/database/identity.go:152.17,154.4 1 0
github.com/blnkfinance/blnk/database/identity.go:157.3,158.17 2 1
github.com/blnkfinance/blnk/database/identity.go:158.17,160.4 1 0
github.com/blnkfinance/blnk/database/identity.go:163.3,163.44 1 1
github.com/blnkfinance/blnk/database/identity.go:167.2,167.34 1 1
github.com/blnkfinance/blnk/database/identity.go:167.34,169.3 1 0
github.com/blnkfinance/blnk/database/identity.go:172.2,172.24 1 1
github.com/blnkfinance/blnk/database/identity.go:181.68,187.56 4 1
github.com/blnkfinance/blnk/database/identity.go:187.56,188.28 1 1
github.com/blnkfinance/blnk/database/identity.go:189.18,190.19 1 1
github.com/blnkfinance/blnk/database/identity.go:190.19,194.5 3 0
github.com/blnkfinance/blnk/database/identity.go:195.15,196.15 1 1
github.com/blnkfinance/blnk/database/identity.go:196.15,200.5 3 1
github.com/blnkfinance/blnk/database/identity.go:201.11,202.16 1 0
github.com/blnkfinance/blnk/database/identity.go:202.16,206.5 3 0
github.com/blnkfinance/blnk/database/identity.go:211.2,229.30 17 1
github.com/blnkfinance/blnk/database/identity.go:229.30,231.17 2 1
github.com/blnkfinance/blnk/database/identity.go:231.17,233.4 1 0
github.com/blnkfinance/blnk/database/identity.go:234.3,236.16 3 1
github.com/blnkfinance/blnk/database/identity.go:240.2,240.25 1 1
github.com/blnkfinance/blnk/database/identity.go:240.25,242.3 1 1
github.com/blnkfinance/blnk/database/identity.go:245.2,256.16 4 1
github.com/blnkfinance/blnk/database/identity.go:256.16,258.3 1 0
github.com/blnkfinance/blnk/database/identity.go:260.2,261.16 2 1
github.com/blnkfinance/blnk/database/identity.go:261.16,263.3 1 0
github.com/blnkfinance/blnk/database/identity.go:265.2,265.23 1 1
github.com/blnkfinance/blnk/database/identity.go:265.23,267.3 1 0
github.com/blnkfinance/blnk/database/identity.go:269.2,269.12 1 1
github.com/blnkfinance/blnk/database/identity.go:278.53,285.16 2 1
github.com/blnkfinance/blnk/database/identity.go:285.16,287.3 1 0
github.com/blnkfinance/blnk/database/identity.go:290.2,291.16 2 1
github.com/blnkfinance/blnk/database/identity.go:291.16,293.3 1 0
github.com/blnkfinance/blnk/database/identity.go:296.2,296.23 1 1
github.com/blnkfinance/blnk/database/identity.go:296.23,298.3 1 1
github.com/blnkfinance/blnk/database/identity.go:300.2,300.12 1 1
github.com/blnkfinance/blnk/database/ledger.go:38.77,41.16 2 1
github.com/blnkfinance/blnk/database/ledger.go:41.16,43.3 1 0
github.com/blnkfinance/blnk/database/ledger.go:46.2,55.16 4 1
github.com/blnkfinance/blnk/database/ledger.go:55.16,57.9 2 1
github.com/blnkfinance/blnk/database/ledger.go:57.9,58.29 1 1
github.com/blnkfinance/blnk/database/ledger.go:59.28,60.121 1 1
github.com/blnkfinance/blnk/database/ledger.go:61.12,62.108 1 0
github.com/blnkfinance/blnk/database/ledger.go:65.3,65.106 1 0
github.com/blnkfinance/blnk/database/ledger.go:68.2,68.20 1 1
github.com/blnkfinance/blnk/database/ledger.go:81.78,82.31 1 1
github.com/blnkfinance/blnk/database/ledger.go:82.31,84.3 1 0
github.com/blnkfinance/blnk/database/ledger.go:87.2,95.16 3 1
github.com/blnkfinance/blnk/database/ledger.go:95.16,97.3 1 0
github.com/blnkfinance/blnk/database/ledger.go:98.2,103.18 3 1
github.com/blnkfinance/blnk/database/ledger.go:103.18,107.17 4 1
github.com/blnkfinance/blnk/database/ledger.go:107.17,109.4 1 0
github.com/blnkfinance/blnk/database/ledger.go:112.3,113.17 2 1
github.com/blnkfinance/blnk/database/ledger.go:113.17,115.4 1 0
github.com/blnkfinance/blnk/database/ledger.go:117.3,117.36 1 1
github.com/blnkfinance/blnk/database/ledger.go:121.2,121.34 1 1
github.com/blnkfinance/blnk/database/ledger.go:121.34,123.3 1 0
github.com/blnkfinance/blnk/database/ledger.go:125.2,125.21 1 1
github.com/blnkfinance/blnk/database/ledger.go:137.69,149.16 5 1
github.com/blnkfinance/blnk/database/ledger.go:149.16,151.27 1 1
github.com/blnkfinance/blnk/database/ledger.go:151.27,153.4 1 1
github.com/blnkfinance/blnk/database/ledger.go:154.3,154.97 1 0
github.com/blnkfinance/blnk/database/ledger.go:158.2,159.16 2 1
github.com/blnkfinance/blnk/database/ledger.go:159.16,161.3 1 0
github.com/blnkfinance/blnk/database/ledger.go:163.2,163.21 1 1
github.com/blnkfinance/blnk/database/ledger.go:176.74,179.16 2 0
github.com/blnkfinance/blnk/database/ledger.go:179.16,181.3 1 0
github.com/blnkfinance/blnk/database/ledger.go:184.2,189.16 2 0
github.com/blnkfinance/blnk/database/ledger.go:189.16,191.9 2 0
github.com/blnkfinance/blnk/database/ledger.go:191.9,192.29 1 0
github.com/blnkfinance/blnk/database/ledger.go:193.28,194.104 1 0
github.com/blnkfinance/blnk/database/ledger.go:195.12,196.97 1 0
github.com/blnkfinance/blnk/database/ledger.go:199.3,199.95 1 0
github.com/blnkfinance/blnk/database/ledger.go:203.2,205.28 2 0
github.com/blnkfinance/blnk/database/metadata.go:17.93,19.16 2 1
github.com/blnkfinance/blnk/database/metadata.go:19.16,21.3 1 1
github.com/blnkfinance/blnk/database/metadata.go:23.2,28.12 2 1
github.com/blnkfinance/blnk/database/metadata.go:43.119,45.16 2 1
github.com/blnkfinance/blnk/database/metadata.go:45.16,47.3 1 0
github.com/blnkfinance/blnk/database/metadata.go:50.2,55.12 2 1
github.com/blnkfinance/blnk/database/metadata.go:68.115,70.16 2 1
github.com/blnkfinance/blnk/database/metadata.go:70.16,72.3 1 0
github.com/blnkfinance/blnk/database/metadata.go:74.2,79.12 2 1
github.com/blnkfinance/blnk/database/metadata.go:91.95,93.16 2 1
github.com/blnkfinance/blnk/database/metadata.go:93.16,95.3 1 0
github.com/blnkfinance/blnk/database/metadata.go:97.2,102.12 2 1
github.com/blnkfinance/blnk/database/reconciliation.go:40.96,52.16 4 1
github.com/blnkfinance/blnk/database/reconciliation.go:52.16,54.3 1 1
github.com/blnkfinance/blnk/database/reconciliation.go:56.2,56.12 1 1
github.com/blnkfinance/blnk/database/reconciliation.go:65.102,80.16 5 1
github.com/blnkfinance/blnk/database/reconciliation.go:80.16,81.27 1 1
github.com/blnkfinance/blnk/database/reconciliation.go:81.27,83.4 1 1
github.com/blnkfinance/blnk/database/reconciliation.go:84.3,84.105 1 0
github.com/blnkfinance/blnk/database/reconciliation.go:87.2,87.17 1 1
github.com/blnkfinance/blnk/database/reconciliation.go:100.135,111.16 5 1
github.com/blnkfinance/blnk/database/reconciliation.go:111.16,113.3 1 1
github.com/blnkfinance/blnk/database/reconciliation.go:115.2,116.16 2 1
github.com/blnkfinance/blnk/database/reconciliation.go:116.16,118.3 1 0
github.com/blnkfinance/blnk/database/reconciliation.go:120.2,120.23 1 1
github.com/blnkfinance/blnk/database/reconciliation.go:120.23,122.3 1 1
github.com/blnkfinance/blnk/database/reconciliation.go:124.2,124.12 1 1
github.com/blnkfinance/blnk/database/reconciliation.go:133.121,144.16 4 0
github.com/blnkfinance/blnk/database/reconciliation.go:144.16,146.3 1 0
github.com/blnkfinance/blnk/database/reconciliation.go:147.2,151.18 3 0
github.com/blnkfinance/blnk/database/reconciliation.go:151.18,158.17 3 0
github.com/blnkfinance/blnk/database/reconciliation.go:158.17,160.4 1 0
github.com/blnkfinance/blnk/database/reconciliation.go:162.3,162.49 1 0
github.com/blnkfinance/blnk/database/reconciliation.go:165.2,165.34 1 0
github.com/blnkfinance/blnk/database/reconciliation.go:165.34,167.3 1 0
github.com/blnkfinance/blnk/database/reconciliation.go:169.2,169.29 1 0
github.com/blnkfinance/blnk/database/reconciliation.go:180.110,185.16 4 1
github.com/blnkfinance/blnk/database/reconciliation.go:185.16,187.3 1 0
github.com/blnkfinance/blnk/database/reconciliation.go:188.2,188.15 1 1
github.com/blnkfinance/blnk/database/reconciliation.go:188.15,189.64 1 1
github.com/blnkfinance/blnk/database/reconciliation.go:189.64,191.4 1 0
github.com/blnkfinance/blnk/database/reconciliation.go:194.2,194.32 1 1
github.com/blnkfinance/blnk/database/reconciliation.go:194.32,197.17 3 1
github.com/blnkfinance/blnk/database/reconciliation.go:197.17,199.4 1 1
github.com/blnkfinance/blnk/database/reconciliation.go:202.2,202.37 1 1
github.com/blnkfinance/blnk/database/reconciliation.go:202.37,204.3 1 0
github.com/blnkfinance/blnk/database/reconciliation.go:206.2,206.12 1 1
github.com/blnkfinance/blnk/database/reconciliation.go:217.107,222.16 4 0
github.com/blnkfinance/blnk/database/reconciliation.go:222.16,224.3 1 0
github.com/blnkfinance/blnk/database/reconciliation.go:225.2,225.15 1 0
github.com/blnkfinance/blnk/database/reconciliation.go:225.15,226.64 1 0
github.com/blnkfinance/blnk/database/reconciliation.go:226.64,228.4 1 0
github.com/blnkfinance/blnk/database/reconciliation.go:231.2,231.37 1 0
github.com/blnkfinance/blnk/database/reconciliation.go:231.37,237.17 2 0
github.com/blnkfinance/blnk/database/reconciliation.go:237.17,239.4 1 0
github.com/blnkfinance/blnk/database/reconciliation.go:242.2,242.37 1 0
github.com/blnkfinance/blnk/database/reconciliation.go:242.37,244.3 1 0
github.com/blnkfinance/blnk/database/reconciliation.go:246.2,246.12 1 0
github.com/blnkfinance/blnk/database/reconciliation.go:257.105,264.16 2 1
github.com/blnkfinance/blnk/database/reconciliation.go:264.16,267.3 1 1
github.com/blnkfinance/blnk/database/reconciliation.go:269.2,269.12 1 1
github.com/blnkfinance/blnk/database/reconciliation.go:279.80,289.16 4 0
github.com/blnkfinance/blnk/database/reconciliation.go:289.16,291.3 1 0
github.com/blnkfinance/blnk/database/reconciliation.go:293.2,293.12 1 0
github.com/blnkfinance/blnk/database/reconciliation.go:304.120,314.16 4 0
github.com/blnkfinance/blnk/database/reconciliation.go:314.16,316.3 1 0
github.com/blnkfinance/blnk/database/reconciliation.go:317.2,321.18 3 0
github.com/blnkfinance/blnk/database/reconciliation.go:321.18,327.17 3 0
github.com/blnkfinance/blnk/database/reconciliation.go:327.17,329.4 1 0
github.com/blnkfinance/blnk/database/reconciliation.go:331.3,331.35 1 0
github.com/blnkfinance/blnk/database/reconciliation.go:334.2,334.34 1 0
github.com/blnkfinance/blnk/database/reconciliation.go:334.34,336.3 1 0
github.com/blnkfinance/blnk/database/reconciliation.go:338.2,338.21 1 0
github.com/blnkfinance/blnk/database/reconciliation.go:349.122,359.16 4 0
github.com/blnkfinance/blnk/database/reconciliation.go:359.16,361.3 1 0
github.com/blnkfinance/blnk/database/reconciliation.go:363.2,363.12 1 0
github.com/blnkfinance/blnk/database/reconciliation.go:372.147,381.16 4 0
github.com/blnkfinance/blnk/database/reconciliation.go:381.16,383.3 1 0
github.com/blnkfinance/blnk/database/reconciliation.go:384.2,388.18 3 0
github.com/blnkfinance/blnk/database/reconciliation.go:388.18,394.17 3 0
github.com/blnkfinance/blnk/database/reconciliation.go:394.17,396.4 1 0
github.com/blnkfinance/blnk/database/reconciliation.go:398.3,398.42 1 0
github.com/blnkfinance/blnk/database/reconciliation.go:401.2,401.34 1 0
github.com/blnkfinance/blnk/database/reconciliation.go:401.34,403.3 1 0
github.com/blnkfinance/blnk/database/reconciliation.go:405.2,405.26 1 0
github.com/blnkfinance/blnk/database/reconciliation.go:414.93,420.16 4 0
github.com/blnkfinance/blnk/database/reconciliation.go:420.16,422.3 1 0
github.com/blnkfinance/blnk/database/reconciliation.go:425.2,431.16 2 0
github.com/blnkfinance/blnk/database/reconciliation.go:431.16,433.3 1 0
github.com/blnkfinance/blnk/database/reconciliation.go:435.2,435.12 1 0
github.com/blnkfinance/blnk/database/reconciliation.go:443.90,452.16 4 0
github.com/blnkfinance/blnk/database/reconciliation.go:452.16,454.3 1 0
github.com/blnkfinance/blnk/database/reconciliation.go:455.2,460.18 3 0
github.com/blnkfinance/blnk/database/reconciliation.go:460.18,467.17 4 0
github.com/blnkfinance/blnk/database/reconciliation.go:467.17,469.4 1 0
github.com/blnkfinance/blnk/database/reconciliation.go:472.3,473.17 2 0
github.com/blnkfinance/blnk/database/reconciliation.go:473.17,475.4 1 0
github.com/blnkfinance/blnk/database/reconciliation.go:478.3,478.30 1 0
github.com/blnkfinance/blnk/database/reconciliation.go:482.2,482.34 1 0
github.com/blnkfinance/blnk/database/reconciliation.go:482.34,484.3 1 0
github.com/blnkfinance/blnk/database/reconciliation.go:486.2,486.19 1 0
github.com/blnkfinance/blnk/database/reconciliation.go:495.93,501.16 4 0
github.com/blnkfinance/blnk/database/reconciliation.go:501.16,503.3 1 0
github.com/blnkfinance/blnk/database/reconciliation.go:506.2,511.16 2 0
github.com/blnkfinance/blnk/database/reconciliation.go:511.16,513.3 1 0
github.com/blnkfinance/blnk/database/reconciliation.go:516.2,517.16 2 0
github.com/blnkfinance/blnk/database/reconciliation.go:517.16,519.3 1 0
github.com/blnkfinance/blnk/database/reconciliation.go:522.2,522.23 1 0
github.com/blnkfinance/blnk/database/reconciliation.go:522.23,524.3 1 0
github.com/blnkfinance/blnk/database/reconciliation.go:526.2,526.12 1 0
github.com/blnkfinance/blnk/database/reconciliation.go:535.78,544.16 4 0
github.com/blnkfinance/blnk/database/reconciliation.go:544.16,546.3 1 0
github.com/blnkfinance/blnk/database/reconciliation.go:549.2,550.16 2 0
github.com/blnkfinance/blnk/database/reconciliation.go:550.16,552.3 1 0
github.com/blnkfinance/blnk/database/reconciliation.go:555.2,555.23 1 0
github.com/blnkfinance/blnk/database/reconciliation.go:555.23,557.3 1 0
github.com/blnkfinance/blnk/database/reconciliation.go:559.2,559.12 1 0
github.com/blnkfinance/blnk/database/reconciliation.go:568.98,584.16 6 0
github.com/blnkfinance/blnk/database/reconciliation.go:584.16,586.27 1 0
github.com/blnkfinance/blnk/database/reconciliation.go:586.27,588.4 1 0
github.com/blnkfinance/blnk/database/reconciliation.go:590.3,590.104 1 0
github.com/blnkfinance/blnk/database/reconciliation.go:594.2,595.16 2 0
github.com/blnkfinance/blnk/database/reconciliation.go:595.16,597.3 1 0
github.com/blnkfinance/blnk/database/reconciliation.go:599.2,599.19 1 0
github.com/blnkfinance/blnk/database/reconciliation.go:612.159,622.41 6 0
github.com/blnkfinance/blnk/database/reconciliation.go:622.41,624.3 1 0
github.com/blnkfinance/blnk/database/reconciliation.go:627.2,634.16 2 0
github.com/blnkfinance/blnk/database/reconciliation.go:634.16,636.3 1 0
github.com/blnkfinance/blnk/database/reconciliation.go:637.2,640.18 2 0
github.com/blnkfinance/blnk/database/reconciliation.go:640.18,646.17 3 0
github.com/blnkfinance/blnk/database/reconciliation.go:646.17,648.4 1 0
github.com/blnkfinance/blnk/database/reconciliation.go:650.3,650.42 1 0
github.com/blnkfinance/blnk/database/reconciliation.go:654.2,654.34 1 0
github.com/blnkfinance/blnk/database/reconciliation.go:654.34,656.3 1 0
github.com/blnkfinance/blnk/database/reconciliation.go:659.2,659.27 1 0
github.com/blnkfinance/blnk/database/reconciliation.go:659.27,661.17 2 0
github.com/blnkfinance/blnk/database/reconciliation.go:661.17,664.4 1 0
github.com/blnkfinance/blnk/database/reconciliation.go:666.2,666.26 1 0
github.com/blnkfinance/blnk/database/reconciliation.go:677.139,689.16 4 0
github.com/blnkfinance/blnk/database/reconciliation.go:689.16,691.3 1 0
github.com/blnkfinance/blnk/database/reconciliation.go:693.2,693.12 1 0
github.com/blnkfinance/blnk/database/reconciliation.go:703.132,714.16 5 0
github.com/blnkfinance/blnk/database/reconciliation.go:714.16,715.27 1 0
github.com/blnkfinance/blnk/database/reconciliation.go:715.27,717.4 1 0
github.com/blnkfinance/blnk/database/reconciliation.go:718.3,718.137 1 0
github.com/blnkfinance/blnk/database/reconciliation.go:721.2,721.22 1 0
github.com/blnkfinance/blnk/database/reconciliation.go:734.185,742.34 4 0
github.com/blnkfinance/blnk/database/reconciliation.go:742.34,745.3 2 0
github.com/blnkfinance/blnk/database/reconciliation.go:748.2,752.48 4 0
github.com/blnkfinance/blnk/database/reconciliation.go:752.48,757.3 2 0
github.com/blnkfinance/blnk/database/reconciliation.go:760.2,769.16 3 0
github.com/blnkfinance/blnk/database/reconciliation.go:769.16,772.3 2 0
github.com/blnkfinance/blnk/database/reconciliation.go:773.2,777.18 3 0
github.com/blnkfinance/blnk/database/reconciliation.go:777.18,785.17 4 0
github.com/blnkfinance/blnk/database/reconciliation.go:785.17,788.4 2 0
github.com/blnkfinance/blnk/database/reconciliation.go:791.3,792.85 2 0
github.com/blnkfinance/blnk/database/reconciliation.go:795.2,795.34 1 0
github.com/blnkfinance/blnk/database/reconciliation.go:795.34,798.3 2 0
github.com/blnkfinance/blnk/database/reconciliation.go:801.2,801.34 1 0
github.com/blnkfinance/blnk/database/reconciliation.go:801.34,802.88 1 0
github.com/blnkfinance/blnk/database/reconciliation.go:802.88,804.4 1 0
github.com/blnkfinance/blnk/database/reconciliation.go:807.2,810.33 2 0
github.com/blnkfinance/blnk/database/transaction.go:47.112,54.16 4 1
github.com/blnkfinance/blnk/database/transaction.go:54.16,57.3 2 0
github.com/blnkfinance/blnk/database/transaction.go:60.2,66.16 2 1
github.com/blnkfinance/blnk/database/transaction.go:66.16,69.3 2 1
github.com/blnkfinance/blnk/database/transaction.go:72.2,77.17 2 1
github.com/blnkfinance/blnk/database/transaction.go:82.91,87.16 4 0
github.com/blnkfinance/blnk/database/transaction.go:87.16,90.3 2 0
github.com/blnkfinance/blnk/database/transaction.go:92.2,97.16 2 0
github.com/blnkfinance/blnk/database/transaction.go:97.16,100.3 2 0
github.com/blnkfinance/blnk/database/transaction.go:102.2,106.12 2 0
github.com/blnkfinance/blnk/database/transaction.go:121.174,126.16 4 0
github.com/blnkfinance/blnk/database/transaction.go:126.16,129.3 2 0
github.com/blnkfinance/blnk/database/transaction.go:131.2,131.25 1 0
github.com/blnkfinance/blnk/database/transaction.go:131.25,133.3 1 0
github.com/blnkfinance/blnk/database/transaction.go:135.2,135.62 1 0
github.com/blnkfinance/blnk/database/transaction.go:135.62,138.3 2 0
github.com/blnkfinance/blnk/database/transaction.go:140.2,140.67 1 0
github.com/blnkfinance/blnk/database/transaction.go:140.67,143.3 2 0
github.com/blnkfinance/blnk/database/transaction.go:145.2,145.60 1 0
github.com/blnkfinance/blnk/database/transaction.go:145.60,148.3 2 0
github.com/blnkfinance/blnk/database/transaction.go:150.2,150.36 1 0
github.com/blnkfinance/blnk/database/transaction.go:150.36,153.3 2 0
github.com/blnkfinance/blnk/database/transaction.go:155.2,161.17 2 0
github.com/blnkfinance/blnk/database/transaction.go:171.96,189.16 8 1
github.com/blnkfinance/blnk/database/transaction.go:189.16,190.27 1 1
github.com/blnkfinance/blnk/database/transaction.go:190.27,193.4 2 1
github.com/blnkfinance/blnk/database/transaction.go:194.3,195.102 2 0
github.com/blnkfinance/blnk/database/transaction.go:199.2,200.16 2 1
github.com/blnkfinance/blnk/database/transaction.go:200.16,203.3 2 0
github.com/blnkfinance/blnk/database/transaction.go:205.2,213.17 3 1
github.com/blnkfinance/blnk/database/transaction.go:224.97,242.16 5 0
github.com/blnkfinance/blnk/database/transaction.go:242.16,245.3 2 0
github.com/blnkfinance/blnk/database/transaction.go:248.2,253.20 2 0
github.com/blnkfinance/blnk/database/transaction.go:263.97,276.16 5 1
github.com/blnkfinance/blnk/database/transaction.go:276.16,279.3 2 1
github.com/blnkfinance/blnk/database/transaction.go:282.2,287.20 2 1
github.com/blnkfinance/blnk/database/transaction.go:297.107,314.16 8 0
github.com/blnkfinance/blnk/database/transaction.go:314.16,315.27 1 0
github.com/blnkfinance/blnk/database/transaction.go:315.27,318.4 2 0
github.com/blnkfinance/blnk/database/transaction.go:319.3,320.118 2 0
github.com/blnkfinance/blnk/database/transaction.go:324.2,325.16 2 0
github.com/blnkfinance/blnk/database/transaction.go:325.16,328.3 2 0
github.com/blnkfinance/blnk/database/transaction.go:330.2,338.17 3 0
github.com/blnkfinance/blnk/database/transaction.go:349.98,360.16 4 0
github.com/blnkfinance/blnk/database/transaction.go:360.16,363.3 2 0
github.com/blnkfinance/blnk/database/transaction.go:366.2,367.16 2 0
github.com/blnkfinance/blnk/database/transaction.go:367.16,370.3 2 0
github.com/blnkfinance/blnk/database/transaction.go:373.2,373.23 1 0
github.com/blnkfinance/blnk/database/transaction.go:373.23,379.3 2 0
github.com/blnkfinance/blnk/database/transaction.go:382.2,386.12 2 0
github.com/blnkfinance/blnk/database/transaction.go:395.109,407.16 4 0
github.com/blnkfinance/blnk/database/transaction.go:407.16,410.3 2 0
github.com/blnkfinance/blnk/database/transaction.go:411.2,411.15 1 0
github.com/blnkfinance/blnk/database/transaction.go:411.15,412.38 1 0
github.com/blnkfinance/blnk/database/transaction.go:412.38,414.4 1 0
github.com/blnkfinance/blnk/database/transaction.go:418.2,421.18 2 0
github.com/blnkfinance/blnk/database/transaction.go:421.18,439.17 4 0
github.com/blnkfinance/blnk/database/transaction.go:439.17,442.4 2 0
github.com/blnkfinance/blnk/database/transaction.go:445.3,446.17 2 0
github.com/blnkfinance/blnk/database/transaction.go:446.17,449.4 2 0
github.com/blnkfinance/blnk/database/transaction.go:452.3,452.51 1 0
github.com/blnkfinance/blnk/database/transaction.go:456.2,456.34 1 0
github.com/blnkfinance/blnk/database/transaction.go:456.34,459.3 2 0
github.com/blnkfinance/blnk/database/transaction.go:462.2,467.26 2 0
github.com/blnkfinance/blnk/database/transaction.go:477.107,495.16 6 1
github.com/blnkfinance/blnk/database/transaction.go:495.16,497.36 1 1
github.com/blnkfinance/blnk/database/transaction.go:497.36,499.4 1 1
github.com/blnkfinance/blnk/database/transaction.go:501.3,502.124 2 1
github.com/blnkfinance/blnk/database/transaction.go:505.2,506.9 2 1
github.com/blnkfinance/blnk/database/transaction.go:506.9,508.3 1 0
github.com/blnkfinance/blnk/database/transaction.go:511.2,517.19 2 1
github.com/blnkfinance/blnk/database/transaction.go:528.136,538.41 6 0
github.com/blnkfinance/blnk/database/transaction.go:538.41,543.3 2 0
github.com/blnkfinance/blnk/database/transaction.go:546.2,552.16 2 0
github.com/blnkfinance/blnk/database/transaction.go:552.16,555.3 2 0
github.com/blnkfinance/blnk/database/transaction.go:556.2,556.15 1 0
github.com/blnkfinance/blnk/database/transaction.go:556.15,557.38 1 0
github.com/blnkfinance/blnk/database/transaction.go:557.38,559.4 1 0
github.com/blnkfinance/blnk/database/transaction.go:562.2,565.18 2 0
github.com/blnkfinance/blnk/database/transaction.go:565.18,587.17 5 0
github.com/blnkfinance/blnk/database/transaction.go:587.17,590.4 2 0
github.com/blnkfinance/blnk/database/transaction.go:592.3,593.17 2 0
github.com/blnkfinance/blnk/database/transaction.go:593.17,596.4 2 0
github.com/blnkfinance/blnk/database/transaction.go:598.3,600.51 2 0
github.com/blnkfinance/blnk/database/transaction.go:604.2,604.34 1 0
github.com/blnkfinance/blnk/database/transaction.go:604.34,607.3 2 0
github.com/blnkfinance/blnk/database/transaction.go:610.2,610.27 1 0
github.com/blnkfinance/blnk/database/transaction.go:610.27,612.17 2 0
github.com/blnkfinance/blnk/database/transaction.go:612.17,615.4 1 0
github.com/blnkfinance/blnk/database/transaction.go:618.2,621.26 2 0
github.com/blnkfinance/blnk/database/transaction.go:633.152,642.34 4 0
github.com/blnkfinance/blnk/database/transaction.go:642.34,645.3 2 0
github.com/blnkfinance/blnk/database/transaction.go:648.2,652.48 4 0
github.com/blnkfinance/blnk/database/transaction.go:652.48,657.3 2 0
github.com/blnkfinance/blnk/database/transaction.go:660.2,671.16 3 0
github.com/blnkfinance/blnk/database/transaction.go:671.16,674.3 2 0
github.com/blnkfinance/blnk/database/transaction.go:675.2,675.15 1 0
github.com/blnkfinance/blnk/database/transaction.go:675.15,676.38 1 0
github.com/blnkfinance/blnk/database/transaction.go:676.38,678.4 1 0
github.com/blnkfinance/blnk/database/transaction.go:681.2,684.18 2 0
github.com/blnkfinance/blnk/database/transaction.go:684.18,708.17 6 0
github.com/blnkfinance/blnk/database/transaction.go:708.17,711.4 2 0
github.com/blnkfinance/blnk/database/transaction.go:713.3,713.77 1 0
github.com/blnkfinance/blnk/database/transaction.go:713.77,716.4 2 0
github.com/blnkfinance/blnk/database/transaction.go:718.3,720.85 2 0
github.com/blnkfinance/blnk/database/transaction.go:723.2,723.34 1 0
github.com/blnkfinance/blnk/database/transaction.go:723.34,726.3 2 0
github.com/blnkfinance/blnk/database/transaction.go:729.2,729.34 1 0
github.com/blnkfinance/blnk/database/transaction.go:729.34,730.88 1 0
github.com/blnkfinance/blnk/database/transaction.go:730.88,732.4 1 0
github.com/blnkfinance/blnk/database/transaction.go:735.2,738.33 2 0
github.com/blnkfinance/blnk/database/transaction.go:751.163,795.16 4 1
github.com/blnkfinance/blnk/database/transaction.go:795.16,798.3 2 1
github.com/blnkfinance/blnk/database/transaction.go:799.2,799.15 1 1
github.com/blnkfinance/blnk/database/transaction.go:799.15,800.38 1 1
github.com/blnkfinance/blnk/database/transaction.go:800.38,802.4 1 0
github.com/blnkfinance/blnk/database/transaction.go:805.2,808.18 2 1
github.com/blnkfinance/blnk/database/transaction.go:808.18,830.17 5 1
github.com/blnkfinance/blnk/database/transaction.go:830.17,833.4 2 0
github.com/blnkfinance/blnk/database/transaction.go:835.3,836.17 2 1
github.com/blnkfinance/blnk/database/transaction.go:836.17,839.4 2 0
github.com/blnkfinance/blnk/database/transaction.go:841.3,843.52 2 1
github.com/blnkfinance/blnk/database/transaction.go:847.2,847.34 1 1
github.com/blnkfinance/blnk/database/transaction.go:847.34,850.3 2 0
github.com/blnkfinance/blnk/database/transaction.go:852.2,855.26 2 1
github.com/blnkfinance/blnk/database/transaction.go:867.165,892.16 4 0
github.com/blnkfinance/blnk/database/transaction.go:892.16,895.3 2 0
github.com/blnkfinance/blnk/database/transaction.go:896.2,896.15 1 0
github.com/blnkfinance/blnk/database/transaction.go:896.15,897.38 1 0
github.com/blnkfinance/blnk/database/transaction.go:897.38,899.4 1 0
github.com/blnkfinance/blnk/database/transaction.go:902.2,905.18 2 0
github.com/blnkfinance/blnk/database/transaction.go:905.18,927.17 5 0
github.com/blnkfinance/blnk/database/transaction.go:927.17,930.4 2 0
github.com/blnkfinance/blnk/database/transaction.go:932.3,933.17 2 0
github.com/blnkfinance/blnk/database/transaction.go:933.17,936.4 2 0
github.com/blnkfinance/blnk/database/transaction.go:938.3,940.52 2 0
github.com/blnkfinance/blnk/database/transaction.go:943.2,943.34 1 0
github.com/blnkfinance/blnk/database/transaction.go:943.34,946.3 2 0
github.com/blnkfinance/blnk/database/transaction.go:948.2,951.26 2 0
github.com/blnkfinance/blnk/database/transaction.go:962.113,977.16 4 1
github.com/blnkfinance/blnk/database/transaction.go:977.16,979.3 1 0
github.com/blnkfinance/blnk/database/transaction.go:980.2,980.15 1 1
github.com/blnkfinance/blnk/database/transaction.go:980.15,981.38 1 1
github.com/blnkfinance/blnk/database/transaction.go:981.38,983.4 1 0
github.com/blnkfinance/blnk/database/transaction.go:986.2,986.18 1 1
github.com/blnkfinance/blnk/database/transaction.go:986.18,989.77 3 1
github.com/blnkfinance/blnk/database/transaction.go:989.77,991.4 1 0
github.com/blnkfinance/blnk/database/transaction.go:993.3,994.10 2 1
github.com/blnkfinance/blnk/database/transaction.go:994.10,996.4 1 0
github.com/blnkfinance/blnk/database/transaction.go:1000.3,1000.26 1 1
github.com/blnkfinance/blnk/database/transaction.go:1000.26,1002.4 1 1
github.com/blnkfinance/blnk/database/transaction.go:1002.9,1004.4 1 0
github.com/blnkfinance/blnk/database/transaction.go:1007.2,1007.27 1 1
github.com/blnkfinance/blnk/database/transaction.go:1017.99,1028.16 5 0
github.com/blnkfinance/blnk/database/transaction.go:1028.16,1031.3 2 0
github.com/blnkfinance/blnk/database/transaction.go:1033.2,1038.20 2 0
github.com/blnkfinance/blnk/database/transaction.go:1050.138,1060.41 6 0
github.com/blnkfinance/blnk/database/transaction.go:1060.41,1065.3 2 0
github.com/blnkfinance/blnk/database/transaction.go:1068.2,1076.16 2 0
github.com/blnkfinance/blnk/database/transaction.go:1076.16,1079.3 2 0
github.com/blnkfinance/blnk/database/transaction.go:1080.2,1080.15 1 0
github.com/blnkfinance/blnk/database/transaction.go:1080.15,1081.38 1 0
github.com/blnkfinance/blnk/database/transaction.go:1081.38,1083.4 1 0
github.com/blnkfinance/blnk/database/transaction.go:1086.2,1089.18 2 0
github.com/blnkfinance/blnk/database/transaction.go:1089.18,1111.17 5 0
github.com/blnkfinance/blnk/database/transaction.go:1111.17,1114.4 2 0
github.com/blnkfinance/blnk/database/transaction.go:1116.3,1117.17 2 0
github.com/blnkfinance/blnk/database/transaction.go:1117.17,1120.4 2 0
github.com/blnkfinance/blnk/database/transaction.go:1122.3,1123.51 2 0
github.com/blnkfinance/blnk/database/transaction.go:1126.2,1126.34 1 0
github.com/blnkfinance/blnk/database/transaction.go:1126.34,1129.3 2 0
github.com/blnkfinance/blnk/database/transaction.go:1132.2,1132.27 1 0
github.com/blnkfinance/blnk/database/transaction.go:1132.27,1133.81 1 0
github.com/blnkfinance/blnk/database/transaction.go:1133.81,1135.4 1 0
github.com/blnkfinance/blnk/database/transaction.go:1138.2,1142.26 2 0
github.com/blnkfinance/blnk/database/transaction.go:1154.110,1168.16 5 0
github.com/blnkfinance/blnk/database/transaction.go:1168.16,1171.3 2 0
github.com/blnkfinance/blnk/database/transaction.go:1173.2,1178.20 2 0
github.com/blnkfinance/blnk/database/transaction.go:1183.201,1196.42 6 0
github.com/blnkfinance/blnk/database/transaction.go:1196.42,1200.3 3 0
github.com/blnkfinance/blnk/database/transaction.go:1200.8,1200.29 1 0
github.com/blnkfinance/blnk/database/transaction.go:1200.29,1204.3 3 0
github.com/blnkfinance/blnk/database/transaction.go:1204.8,1204.29 1 0
github.com/blnkfinance/blnk/database/transaction.go:1204.29,1208.3 3 0
github.com/blnkfinance/blnk/database/transaction.go:1210.2,1210.40 1 0
github.com/blnkfinance/blnk/database/transaction.go:1210.40,1214.3 3 0
github.com/blnkfinance/blnk/database/transaction.go:1216.2,1216.20 1 0
github.com/blnkfinance/blnk/database/transaction.go:1216.20,1220.3 3 0
github.com/blnkfinance/blnk/database/transaction.go:1222.2,1222.20 1 0
github.com/blnkfinance/blnk/database/transaction.go:1222.20,1226.3 3 0
github.com/blnkfinance/blnk/database/transaction.go:1228.2,1232.16 4 0
github.com/blnkfinance/blnk/database/transaction.go:1232.16,1235.3 2 0
github.com/blnkfinance/blnk/database/transaction.go:1236.2,1236.15 1 0
github.com/blnkfinance/blnk/database/transaction.go:1236.15,1237.38 1 0
github.com/blnkfinance/blnk/database/transaction.go:1237.38,1239.4 1 0
github.com/blnkfinance/blnk/database/transaction.go:1242.2,1243.18 2 0
github.com/blnkfinance/blnk/database/transaction.go:1243.18,1265.17 5 0
github.com/blnkfinance/blnk/database/transaction.go:1265.17,1268.4 2 0
github.com/blnkfinance/blnk/database/transaction.go:1270.3,1270.77 1 0
github.com/blnkfinance/blnk/database/transaction.go:1270.77,1273.4 2 0
github.com/blnkfinance/blnk/database/transaction.go:1275.3,1276.51 2 0
github.com/blnkfinance/blnk/database/transaction.go:1279.2,1279.34 1 0
github.com/blnkfinance/blnk/database/transaction.go:1279.34,1282.3 2 0
github.com/blnkfinance/blnk/database/transaction.go:1284.2,1287.26 2 0
